0 info it worked if it ends with ok
1 verbose cli [ 'node', '/usr/local/bin/npm', 'install', 'logmft' ]
2 info using npm@2.0.0
3 info using node@v0.10.28
4 verbose node symlink /usr/local/bin/node
5 verbose cache add [ 'logmft', null ]
6 verbose cache add spec="logmft" args=["logmft",null]
7 verbose parsed spec { raw: 'logmft',
7 verbose parsed spec   scope: null,
7 verbose parsed spec   name: 'logmft',
7 verbose parsed spec   rawSpec: '',
7 verbose parsed spec   spec: '*',
7 verbose parsed spec   type: 'range' }
8 verbose parsed spec { raw: 'logmft',
8 verbose parsed spec   scope: null,
8 verbose parsed spec   name: 'logmft',
8 verbose parsed spec   rawSpec: '',
8 verbose parsed spec   spec: '*',
8 verbose parsed spec   type: 'range' }
9 verbose addNamed [ 'logmft', '*' ]
10 verbose addNamed [ null, '*' ]
11 silly lockFile fff26d98-logmft logmft@*
12 verbose lock logmft@* /Users/sam/.npm/fff26d98-logmft.lock
13 silly addNameRange { name: 'logmft', range: '*', hasData: false }
14 verbose mapToRegistry name logmft
15 verbose mapToRegistry uri https://registry.npmjs.org/logmft
16 verbose request on initialization, where is /logmft
17 verbose request after pass 1, where is /logmft
18 verbose request url raw /logmft
19 verbose request resolving registry [ 'https://registry.npmjs.org/', './logmft' ]
20 verbose request after pass 2, where is https://registry.npmjs.org/logmft
21 verbose request no auth needed
22 info attempt registry request try #1 at 20:51:11
23 verbose request id ebafd4339665a46c
24 http request GET https://registry.npmjs.org/logmft
25 http 404 https://registry.npmjs.org/logmft
26 verbose headers { date: 'Sun, 07 Dec 2014 01:51:11 GMT',
26 verbose headers   server: 'CouchDB/1.5.0 (Erlang OTP/R16B03)',
26 verbose headers   'content-type': 'application/json',
26 verbose headers   'cache-control': 'max-age=0',
26 verbose headers   'content-length': '52',
26 verbose headers   'accept-ranges': 'bytes',
26 verbose headers   via: '1.1 varnish',
26 verbose headers   age: '0',
26 verbose headers   'x-served-by': 'cache-atl6223-ATL',
26 verbose headers   'x-cache': 'MISS',
26 verbose headers   'x-cache-hits': '0',
26 verbose headers   'x-timer': 'S1417917071.385402,VS0,VE309',
26 verbose headers   'keep-alive': 'timeout=10, max=50',
26 verbose headers   connection: 'Keep-Alive' }
27 silly registry.get cb [ 404,
27 silly registry.get   { date: 'Sun, 07 Dec 2014 01:51:11 GMT',
27 silly registry.get     server: 'CouchDB/1.5.0 (Erlang OTP/R16B03)',
27 silly registry.get     'content-type': 'application/json',
27 silly registry.get     'cache-control': 'max-age=0',
27 silly registry.get     'content-length': '52',
27 silly registry.get     'accept-ranges': 'bytes',
27 silly registry.get     via: '1.1 varnish',
27 silly registry.get     age: '0',
27 silly registry.get     'x-served-by': 'cache-atl6223-ATL',
27 silly registry.get     'x-cache': 'MISS',
27 silly registry.get     'x-cache-hits': '0',
27 silly registry.get     'x-timer': 'S1417917071.385402,VS0,VE309',
27 silly registry.get     'keep-alive': 'timeout=10, max=50',
27 silly registry.get     connection: 'Keep-Alive' } ]
28 silly lockFile fff26d98-logmft logmft@*
29 silly lockFile fff26d98-logmft logmft@*
30 verbose stack Error: 404 Not Found: logmft
30 verbose stack     at RegClient.<anonymous> (/usr/local/lib/node_modules/npm/node_modules/npm-registry-client/lib/request.js:259:14)
30 verbose stack     at Request._callback (/usr/local/lib/node_modules/npm/node_modules/npm-registry-client/lib/request.js:198:65)
30 verbose stack     at Request.self.callback (/usr/local/lib/node_modules/npm/node_modules/request/request.js:236:22)
30 verbose stack     at Request.EventEmitter.emit (events.js:98:17)
30 verbose stack     at Request.<anonymous> (/usr/local/lib/node_modules/npm/node_modules/request/request.js:1142:14)
30 verbose stack     at Request.EventEmitter.emit (events.js:117:20)
30 verbose stack     at IncomingMessage.<anonymous> (/usr/local/lib/node_modules/npm/node_modules/request/request.js:1096:12)
30 verbose stack     at IncomingMessage.EventEmitter.emit (events.js:117:20)
30 verbose stack     at _stream_readable.js:919:16
30 verbose stack     at process._tickCallback (node.js:419:13)
31 verbose statusCode 404
32 verbose pkgid logmft
33 verbose cwd /Users/sam/Dropbox/school/fall_2014/data_art/gdelt/web/server
34 error Darwin 14.0.0
35 error argv "node" "/usr/local/bin/npm" "install" "logmft"
36 error node v0.10.28
37 error npm  v2.0.0
38 error code E404
39 error 404 Not Found: logmft
39 error 404
39 error 404 'logmft' is not in the npm registry.
39 error 404 You should bug the author to publish it (or use the name yourself!)
39 error 404
39 error 404 Note that you can also install from a
39 error 404 tarball, folder, http url, or git url.
40 verbose exit [ 1, true ]
